C:\Users\xinxin\Dropbox\xinxin_code\Smoke_Solver\Smoke_Solver\x64\Debug\cl.command.1.tlog
C:\Users\xinxin\Dropbox\xinxin_code\Smoke_Solver\Smoke_Solver\x64\Debug\CL.read.1.tlog
C:\Users\xinxin\Dropbox\xinxin_code\Smoke_Solver\Smoke_Solver\x64\Debug\CL.write.1.tlog
C:\Users\xinxin\Dropbox\xinxin_code\Smoke_Solver\Smoke_Solver\x64\Debug\link.11052.read.1.tlog
C:\Users\xinxin\Dropbox\xinxin_code\Smoke_Solver\Smoke_Solver\x64\Debug\link.11052.write.1.tlog
C:\Users\xinxin\Dropbox\xinxin_code\Smoke_Solver\Smoke_Solver\x64\Debug\link.11052-cvtres.read.1.tlog
C:\Users\xinxin\Dropbox\xinxin_code\Smoke_Solver\Smoke_Solver\x64\Debug\link.11052-cvtres.write.1.tlog
C:\Users\xinxin\Dropbox\xinxin_code\Smoke_Solver\Smoke_Solver\x64\Debug\link.12688.read.1.tlog
C:\Users\xinxin\Dropbox\xinxin_code\Smoke_Solver\Smoke_Solver\x64\Debug\link.12688.write.1.tlog
C:\Users\xinxin\Dropbox\xinxin_code\Smoke_Solver\Smoke_Solver\x64\Debug\link.12688-cvtres.read.1.tlog
C:\Users\xinxin\Dropbox\xinxin_code\Smoke_Solver\Smoke_Solver\x64\Debug\link.12688-cvtres.write.1.tlog
C:\Users\xinxin\Dropbox\xinxin_code\Smoke_Solver\Smoke_Solver\x64\Debug\link.12912.read.1.tlog
C:\Users\xinxin\Dropbox\xinxin_code\Smoke_Solver\Smoke_Solver\x64\Debug\link.12912.write.1.tlog
C:\Users\xinxin\Dropbox\xinxin_code\Smoke_Solver\Smoke_Solver\x64\Debug\link.12912-cvtres.read.1.tlog
C:\Users\xinxin\Dropbox\xinxin_code\Smoke_Solver\Smoke_Solver\x64\Debug\link.12912-cvtres.write.1.tlog
C:\Users\xinxin\Dropbox\xinxin_code\Smoke_Solver\Smoke_Solver\x64\Debug\link.508.read.1.tlog
C:\Users\xinxin\Dropbox\xinxin_code\Smoke_Solver\Smoke_Solver\x64\Debug\link.508.write.1.tlog
C:\Users\xinxin\Dropbox\xinxin_code\Smoke_Solver\Smoke_Solver\x64\Debug\link.508-cvtres.read.1.tlog
C:\Users\xinxin\Dropbox\xinxin_code\Smoke_Solver\Smoke_Solver\x64\Debug\link.508-cvtres.write.1.tlog
C:\Users\xinxin\Dropbox\xinxin_code\Smoke_Solver\Smoke_Solver\x64\Debug\link.command.1.tlog
C:\Users\xinxin\Dropbox\xinxin_code\Smoke_Solver\Smoke_Solver\x64\Debug\link.read.1.tlog
C:\Users\xinxin\Dropbox\xinxin_code\Smoke_Solver\Smoke_Solver\x64\Debug\link.write.1.tlog
C:\Users\xinxin\Dropbox\xinxin_code\Smoke_Solver\Smoke_Solver\x64\Debug\link-cvtres.read.1.tlog
C:\Users\xinxin\Dropbox\xinxin_code\Smoke_Solver\Smoke_Solver\x64\Debug\link-cvtres.write.1.tlog
C:\USERS\XINXIN\DROPBOX\XINXIN_CODE\SMOKE_SOLVER\SMOKE_SOLVER\X64\DEBUG\MAIN.OBJ
C:\Users\xinxin\Dropbox\xinxin_code\Smoke_Solver\Smoke_Solver\x64\Debug\mt.command.1.tlog
C:\Users\xinxin\Dropbox\xinxin_code\Smoke_Solver\Smoke_Solver\x64\Debug\mt.read.1.tlog
C:\Users\xinxin\Dropbox\xinxin_code\Smoke_Solver\Smoke_Solver\x64\Debug\mt.write.1.tlog
C:\Users\xinxin\Dropbox\xinxin_code\Smoke_Solver\Smoke_Solver\x64\Debug\rc.command.1.tlog
C:\Users\xinxin\Dropbox\xinxin_code\Smoke_Solver\Smoke_Solver\x64\Debug\rc.read.1.tlog
C:\Users\xinxin\Dropbox\xinxin_code\Smoke_Solver\Smoke_Solver\x64\Debug\rc.write.1.tlog
C:\USERS\XINXIN\DROPBOX\XINXIN_CODE\SMOKE_SOLVER\SMOKE_SOLVER\X64\DEBUG\SMOKE_SOLVER.EXE.EMBED.MANIFEST
C:\USERS\XINXIN\DROPBOX\XINXIN_CODE\SMOKE_SOLVER\SMOKE_SOLVER\X64\DEBUG\SMOKE_SOLVER.EXE.EMBED.MANIFEST.RES
C:\USERS\XINXIN\DROPBOX\XINXIN_CODE\SMOKE_SOLVER\SMOKE_SOLVER\X64\DEBUG\SMOKE_SOLVER.EXE.INTERMEDIATE.MANIFEST
C:\Users\xinxin\Dropbox\xinxin_code\Smoke_Solver\Smoke_Solver\x64\Debug\Smoke_Solver_manifest.rc
C:\USERS\XINXIN\DROPBOX\XINXIN_CODE\SMOKE_SOLVER\SMOKE_SOLVER\X64\DEBUG\SMOKE_SOLVER3D.OBJ
C:\Users\xinxin\Dropbox\xinxin_code\Smoke_Solver\Smoke_Solver\x64\Debug\vc100.idb
C:\USERS\XINXIN\DROPBOX\XINXIN_CODE\SMOKE_SOLVER\SMOKE_SOLVER\X64\DEBUG\VC100.PDB
C:\USERS\XINXIN\DROPBOX\XINXIN_CODE\SMOKE_SOLVER\X64\DEBUG\SMOKE_SOLVER.EXE
C:\USERS\XINXIN\DROPBOX\XINXIN_CODE\SMOKE_SOLVER\X64\DEBUG\SMOKE_SOLVER.ILK
C:\USERS\XINXIN\DROPBOX\XINXIN_CODE\SMOKE_SOLVER\X64\DEBUG\SMOKE_SOLVER.PDB
